\BOOKMARK [1][]{section*.1}{\376\377\000P\000e\000r\000s\000o\000n\000a\000l\000\040\000I\000n\000f\000o\000r\000m\000a\000t\000i\000o\000n}{}% 1
\BOOKMARK [1][]{section*.2}{\376\377\000O\000v\000e\000r\000v\000i\000e\000w}{}% 2
\BOOKMARK [1][]{section*.3}{\376\377\000E\000x\000p\000e\000r\000i\000e\000n\000c\000e}{}% 3
\BOOKMARK [1][]{section*.4}{\376\377\000E\000d\000u\000c\000a\000t\000i\000o\000n}{}% 4
\BOOKMARK [1][]{section*.5}{\376\377\000G\000r\000a\000n\000t\000s}{}% 5
\BOOKMARK [1][]{section*.6}{\376\377\000A\000w\000a\000r\000d\000s}{}% 6
\BOOKMARK [1][]{section*.7}{\376\377\000H\000o\000n\000o\000r\000s\000\040\000t\000o\000\040\000M\000e\000n\000t\000o\000r\000e\000d\000\040\000S\000t\000u\000d\000e\000n\000t\000s}{}% 7
\BOOKMARK [1][]{section*.8}{\376\377\000S\000u\000p\000e\000r\000v\000i\000s\000i\000o\000n}{}% 8
\BOOKMARK [2][]{section*.9}{\376\377\000D\000o\000c\000t\000o\000r\000a\000l\000\040\000S\000t\000u\000d\000e\000n\000t\000s\000\040\000\050\000C\000u\000r\000r\000e\000n\000t\000\051}{section*.8}% 9
\BOOKMARK [2][]{section*.10}{\376\377\000P\000o\000s\000t\000d\000o\000c\000t\000o\000r\000a\000l\000\040\000R\000e\000s\000e\000a\000r\000c\000h\000e\000r\000s\000\040\000\050\000A\000l\000u\000m\000n\000i\000\051}{section*.8}% 10
\BOOKMARK [2][]{section*.11}{\376\377\000D\000o\000c\000t\000o\000r\000a\000l\000\040\000S\000t\000u\000d\000e\000n\000t\000s\000\040\000\050\000A\000l\000u\000m\000n\000i\000\051}{section*.8}% 11
\BOOKMARK [1][]{section*.12}{\376\377\000M\000a\000s\000t\000e\000r\000'\000s\000\040\000S\000u\000p\000e\000r\000v\000i\000s\000i\000o\000n}{}% 12
\BOOKMARK [2][]{section*.13}{\376\377\000C\000u\000r\000r\000e\000n\000t\000\040\000S\000t\000u\000d\000e\000n\000t\000s\000\040\000\050\000N\000a\000t\000i\000o\000n\000a\000l\000\040\000U\000n\000i\000v\000e\000r\000s\000i\000t\000y\000\040\000o\000f\000\040\000S\000i\000n\000g\000a\000p\000o\000r\000e\000\051}{section*.12}% 13
\BOOKMARK [2][]{section*.14}{\376\377\000A\000l\000u\000m\000n\000i\000\040\000\050\000N\000a\000t\000i\000o\000n\000a\000l\000\040\000U\000n\000i\000v\000e\000r\000s\000i\000t\000y\000\040\000o\000f\000\040\000S\000i\000n\000g\000a\000p\000o\000r\000e\000\051}{section*.12}% 14
\BOOKMARK [2][]{section*.15}{\376\377\000A\000l\000u\000m\000n\000i\000\040\000\050\000U\000p\000p\000s\000a\000l\000a\000\040\000U\000n\000i\000v\000e\000r\000s\000i\000t\000y\000\051}{section*.12}% 15
\BOOKMARK [1][]{section*.16}{\376\377\000U\000n\000d\000e\000r\000g\000r\000a\000d\000u\000a\000t\000e\000\040\000R\000e\000s\000e\000a\000r\000c\000h}{}% 16
\BOOKMARK [1][]{section*.17}{\376\377\000U\000n\000d\000e\000r\000g\000r\000a\000d\000u\000a\000t\000e\000\040\000P\000r\000o\000j\000e\000c\000t\000s}{}% 17
\BOOKMARK [2][]{section*.18}{\376\377\000A\000c\000a\000d\000e\000m\000i\000c\000\040\000Y\000e\000a\000r\000\040\0002\0000\0002\0004\000/\0002\0000\0002\0005}{section*.17}% 18
\BOOKMARK [2][]{section*.19}{\376\377\000A\000c\000a\000d\000e\000m\000i\000c\000\040\000Y\000e\000a\000r\000\040\0002\0000\0002\0003\000/\0002\0000\0002\0004}{section*.17}% 19
\BOOKMARK [2][]{section*.20}{\376\377\000A\000c\000a\000d\000e\000m\000i\000c\000\040\000Y\000e\000a\000r\000\040\0002\0000\0002\0002\000/\0002\0000\0002\0003}{section*.17}% 20
\BOOKMARK [2][]{section*.21}{\376\377\000R\000e\000s\000e\000a\000r\000c\000h\000\040\000A\000s\000s\000i\000s\000t\000a\000n\000t\000s\000\040\000a\000n\000d\000\040\000O\000t\000h\000e\000r\000\040\000A\000l\000u\000m\000n\000i}{section*.17}% 21
\BOOKMARK [1][]{section*.22}{\376\377\000T\000a\000l\000k\000s}{}% 22
\BOOKMARK [1][]{section*.23}{\376\377\000S\000e\000r\000v\000i\000c\000e}{}% 23
\BOOKMARK [2][]{section*.24}{\376\377\000C\000o\000n\000f\000e\000r\000e\000n\000c\000e\000\040\000O\000r\000g\000a\000n\000i\000z\000a\000t\000i\000o\000n\000\040\000a\000n\000d\000\040\000L\000e\000a\000d\000e\000r\000s\000h\000i\000p}{section*.23}% 24
\BOOKMARK [2][]{section*.25}{\376\377\000T\000e\000c\000h\000n\000i\000c\000a\000l\000\040\000P\000r\000o\000g\000r\000a\000m\000\040\000C\000o\000m\000m\000i\000t\000t\000e\000e\000\040\000M\000e\000m\000b\000e\000r\000s\000h\000i\000p}{section*.23}% 25
\BOOKMARK [1][]{section*.26}{\376\377\000P\000o\000s\000i\000t\000i\000o\000n\000s\000\040\000o\000f\000\040\000T\000r\000u\000s\000t}{}% 26
\BOOKMARK [1][]{section*.27}{\376\377\000S\000e\000l\000e\000c\000t\000e\000d\000\040\000P\000u\000b\000l\000i\000c\000a\000t\000i\000o\000n\000s}{}% 27
\BOOKMARK [1][]{section*.28}{\376\377\000F\000u\000l\000l\000\040\000P\000u\000b\000l\000i\000c\000a\000t\000i\000o\000n\000s\000\040\000i\000n\000\040\000J\000o\000u\000r\000n\000a\000l\000s\000,\000\040\000C\000o\000n\000f\000e\000r\000e\000n\000c\000e\000s\000,\000\040\000a\000n\000d\000\040\000W\000o\000r\000k\000s\000h\000o\000p\000s}{}% 28
\BOOKMARK [1][]{section*.29}{\376\377\000P\000o\000s\000t\000e\000r\000s\000,\000\040\000D\000e\000m\000o\000n\000s\000t\000r\000a\000t\000i\000o\000n\000s\000,\000\040\000a\000n\000d\000\040\000S\000h\000o\000r\000t\000\040\000P\000u\000b\000l\000i\000c\000a\000t\000i\000o\000n\000s}{}% 29
